
> react-typescript-starter@0.1.0 test
> react-scripts test "--coverage"

PASS src/nested.test.ts
PASS src/arrays.test.ts
PASS src/objects.test.ts
PASS src/components/StartAttempt.test.tsx
PASS src/components/TwoDice.test.tsx
PASS src/functions.test.ts
PASS src/components/ChangeType.test.tsx
PASS src/components/CycleHoliday.test.tsx
PASS src/components/Counter.test.tsx
PASS src/components/RevealAnswer.test.tsx
PASS src/App.test.tsx
-------------------|---------|----------|---------|---------|-------------------
File               | % Stmts | % Branch | % Funcs | % Lines | Uncovered Line #s 
-------------------|---------|----------|---------|---------|-------------------
All files          |   98.93 |     95.6 |     100 |    98.9 |                   
 src               |   98.74 |    96.87 |     100 |    98.7 |                   
  App.tsx          |     100 |      100 |     100 |     100 |                   
  arrays.ts        |   96.15 |    95.65 |     100 |   95.91 | 9,20              
  functions.ts     |     100 |      100 |     100 |     100 |                   
  nested.ts        |     100 |    95.23 |     100 |     100 | 184               
  objects.ts       |     100 |      100 |     100 |     100 |                   
 src/components    |     100 |    92.59 |     100 |     100 |                   
  ChangeType.tsx   |     100 |    83.33 |     100 |     100 | 24                
  Counter.tsx      |     100 |      100 |     100 |     100 |                   
  CycleHoliday.tsx |     100 |       90 |     100 |     100 | 43                
  RevealAnswer.tsx |     100 |      100 |     100 |     100 |                   
  StartAttempt.tsx |     100 |      100 |     100 |     100 |                   
  TwoDice.tsx      |     100 |      100 |     100 |     100 |                   
 src/interfaces    |       0 |        0 |       0 |       0 |                   
  answer.ts        |       0 |        0 |       0 |       0 |                   
  question.ts      |       0 |        0 |       0 |       0 |                   
-------------------|---------|----------|---------|---------|-------------------

Test Suites: 11 passed, 11 total
Tests:       93 passed, 93 total
Snapshots:   0 total
Time:        6.178 s
Ran all test suites.
